[    0.000000] Linux version 4.15.0-72-generic (buildd@lcy01-amd64-026) (gcc version 7.4.0 (Ubuntu 7.4.0-1ubuntu1~18.04.1)) #81-Ubuntu SMP Tue Nov 26 12:20:02 UTC 2019 (Ubuntu 4.15.0-72.81-generic 4.15.18)
[    0.000000] Command line: BOOT_IMAGE=/boot/vmlinuz-4.15.0-72-generic root=UUID=997085ba-b58f-436e-bf90-9b60460919f0 ro console=tty1 console=ttyS0
[    0.000000] KERNEL supported cpus:
[    0.000000]   Intel GenuineIntel
[    0.000000]   AMD AuthenticAMD
[    0.000000]   Centaur CentaurHauls
[    0.000000] x86/fpu: Supporting XSAVE feature 0x001: 'x87 floating point registers'
[    0.000000] x86/fpu: Supporting XSAVE feature 0x002: 'SSE registers'
[    0.000000] x86/fpu: Supporting XSAVE feature 0x004: 'AVX registers'
[    0.000000] x86/fpu: xstate_offset[2]:  576, xstate_sizes[2]:  256
[    0.000000] x86/fpu: Enabled xstate features 0x7, context size is 832 bytes, using 'standard' format.
[    0.000000] e820: BIOS-provided physical RAM map:
[    0.000000] BIOS-e820: [mem 0x0000000000000000-0x000000000009fbff] usable
[    0.000000] BIOS-e820: [mem 0x000000000009fc00-0x000000000009ffff] reserved
[    0.000000] BIOS-e820: [mem 0x00000000000f0000-0x00000000000fffff] reserved
[    0.000000] BIOS-e820: [mem 0x0000000000100000-0x000000003ffeffff] usable
[    0.000000] BIOS-e820: [mem 0x000000003fff0000-0x000000003fffffff] ACPI data
[    0.000000] BIOS-e820: [mem 0x00000000fec00000-0x00000000fec00fff] reserved
[    0.000000] BIOS-e820: [mem 0x00000000fee00000-0x00000000fee00fff] reserved
[    0.000000] BIOS-e820: [mem 0x00000000fffc0000-0x00000000ffffffff] reserved
[    0.000000] NX (Execute Disable) protection: active
[    0.000000] SMBIOS 2.5 present.
[    0.000000] DMI: innotek GmbH VirtualBox/VirtualBox, BIOS VirtualBox 12/01/2006
[    0.000000] Hypervisor detected: KVM
[    0.000000] e820: last_pfn = 0x3fff0 max_arch_pfn = 0x400000000
[    0.000000] MTRR: Disabled
[    0.000000] x86/PAT: MTRRs disabled, skipping PAT initialization too.
[    0.000000] CPU MTRRs all blank - virtualized system.
[    0.000000] x86/PAT: Configuration [0-7]: WB  WT  UC- UC  WB  WT  UC- UC  
[    0.000000] found SMP MP-table at [mem 0x0009fff0-0x0009ffff]
[    0.000000] Scanning 1 areas for low memory corruption
[    0.000000] RAMDISK: [mem 0x35967000-0x36caafff]
[    0.000000] ACPI: Early table checksum verification disabled
[    0.000000] ACPI: RSDP 0x00000000000E0000 000024 (v02 VBOX  )
[    0.000000] ACPI: XSDT 0x000000003FFF0030 00003C (v01 VBOX   VBOXXSDT 00000001 ASL  00000061)
[    0.000000] ACPI: FACP 0x000000003FFF00F0 0000F4 (v04 VBOX   VBOXFACP 00000001 ASL  00000061)
[    0.000000] ACPI: DSDT 0x000000003FFF0470 0022EA (v02 VBOX   VBOXBIOS 00000002 INTL 20100528)
[    0.000000] ACPI: FACS 0x000000003FFF0200 000040
[    0.000000] ACPI: FACS 0x000000003FFF0200 000040
[    0.000000] ACPI: APIC 0x000000003FFF0240 00005C (v02 VBOX   VBOXAPIC 00000001 ASL  00000061)
[    0.000000] ACPI: SSDT 0x000000003FFF02A0 0001CC (v01 VBOX   VBOXCPUT 00000002 INTL 20100528)
[    0.000000] No NUMA configuration found
[    0.000000] Faking a node at [mem 0x0000000000000000-0x000000003ffeffff]
[    0.000000] NODE_DATA(0) allocated [mem 0x3ffc5000-0x3ffeffff]
[    0.000000] kvm-clock: cpu 0, msr 0:3ff44001, primary cpu clock
[    0.000000] kvm-clock: Using msrs 4b564d01 and 4b564d00
[    0.000000] kvm-clock: using sched offset of 3429644651 cycles
[    0.000000] clocksource: kvm-clock: mask: 0xffffffffffffffff max_cycles: 0x1cd42e4dffb, max_idle_ns: 881590591483 ns
[    0.000000] Zone ranges:
[    0.000000]   DMA      [mem 0x0000000000001000-0x0000000000ffffff]
[    0.000000]   DMA32    [mem 0x0000000001000000-0x000000003ffeffff]
[    0.000000]   Normal   empty
[    0.000000]   Device   empty
[    0.000000] Movable zone start for each node
[    0.000000] Early memory node ranges
[    0.000000]   node   0: [mem 0x0000000000001000-0x000000000009efff]
[    0.000000]   node   0: [mem 0x0000000000100000-0x000000003ffeffff]
[    0.000000] Reserved but unavailable: 98 pages
[    0.000000] Initmem setup node 0 [mem 0x0000000000001000-0x000000003ffeffff]
[    0.000000] ACPI: PM-Timer IO Port: 0x4008
[    0.000000] IOAPIC[0]: apic_id 2, version 32, address 0xfec00000, GSI 0-23
[    0.000000] ACPI: INT_SRC_OVR (bus 0 bus_irq 0 global_irq 2 dfl dfl)
[    0.000000] ACPI: INT_SRC_OVR (bus 0 bus_irq 9 global_irq 9 low level)
[    0.000000] Using ACPI (MADT) for SMP configuration information
[    0.000000] smpboot: Allowing 2 CPUs, 0 hotplug CPUs
[    0.000000] PM: Registered nosave memory: [mem 0x00000000-0x00000fff]
[    0.000000] PM: Registered nosave memory: [mem 0x0009f000-0x0009ffff]
[    0.000000] PM: Registered nosave memory: [mem 0x000a0000-0x000effff]
[    0.000000] PM: Registered nosave memory: [mem 0x000f0000-0x000fffff]
[    0.000000] e820: [mem 0x40000000-0xfebfffff] available for PCI devices
[    0.000000] Booting paravirtualized kernel on KVM
[    0.000000] clocksource: refined-jiffies: mask: 0xffffffff max_cycles: 0xffffffff, max_idle_ns: 7645519600211568 ns
[    0.000000] random: get_random_bytes called from start_kernel+0x99/0x4fd with crng_init=0
[    0.000000] setup_percpu: NR_CPUS:8192 nr_cpumask_bits:2 nr_cpu_ids:2 nr_node_ids:1
[    0.000000] percpu: Embedded 45 pages/cpu s147456 r8192 d28672 u1048576
[    0.000000] PV qspinlock hash table entries: 256 (order: 0, 4096 bytes)
[    0.000000] Built 1 zonelists, mobility grouping on.  Total pages: 257913
[    0.000000] Policy zone: DMA32
[    0.000000] Kernel command line: BOOT_IMAGE=/boot/vmlinuz-4.15.0-72-generic root=UUID=997085ba-b58f-436e-bf90-9b60460919f0 ro console=tty1 console=ttyS0
[    0.000000] Memory: 982868K/1048120K available (12300K kernel code, 2481K rwdata, 4264K rodata, 2428K init, 2388K bss, 65252K reserved, 0K cma-reserved)
[    0.000000] SLUB: HWalign=64, Order=0-3, MinObjects=0, CPUs=2, Nodes=1
[    0.000000] Kernel/User page tables isolation: enabled
[    0.000000] ftrace: allocating 39318 entries in 154 pages
[    0.004000] Hierarchical RCU implementation.
[    0.004000] 	RCU restricting CPUs from NR_CPUS=8192 to nr_cpu_ids=2.
[    0.004000] 	Tasks RCU enabled.
[    0.004000] RCU: Adjusting geometry for rcu_fanout_leaf=16, nr_cpu_ids=2
[    0.004000] NR_IRQS: 524544, nr_irqs: 440, preallocated irqs: 16
[    0.004000] Console: colour VGA+ 80x25
[    0.004000] console [tty1] enabled
[    0.004000] console [ttyS0] enabled
[    0.004000] ACPI: Core revision 20170831
[    0.004000] ACPI: 2 ACPI AML tables successfully acquired and loaded
[    0.004000] APIC: Switch to symmetric I/O mode setup
[    0.004000] x2apic enabled
[    0.004000] Switched APIC routing to physical x2apic.
[    0.004000] ..TIMER: vector=0x30 apic1=0 pin1=2 apic2=-1 pin2=-1
[    0.004004] tsc: Detected 2699.998 MHz processor
[    0.004868] Calibrating delay loop (skipped) preset value.. 5399.99 BogoMIPS (lpj=10799992)
[    0.005505] pid_max: default: 32768 minimum: 301
[    0.008035] Security Framework initialized
[    0.008788] Yama: becoming mindful.
[    0.009459] AppArmor: AppArmor initialized
[    0.011733] Dentry cache hash table entries: 131072 (order: 8, 1048576 bytes)
[    0.012078] Inode-cache hash table entries: 65536 (order: 7, 524288 bytes)
[    0.013289] Mount-cache hash table entries: 2048 (order: 2, 16384 bytes)
[    0.014491] Mountpoint-cache hash table entries: 2048 (order: 2, 16384 bytes)
[    0.016258] Last level iTLB entries: 4KB 64, 2MB 8, 4MB 8
[    0.017243] Last level dTLB entries: 4KB 64, 2MB 0, 4MB 0, 1GB 4
[    0.018270] Spectre V1 : Mitigation: usercopy/swapgs barriers and __user pointer sanitization
[    0.020003] Spectre V2 : Mitigation: Full generic retpoline
[    0.021046] Spectre V2 : Spectre v2 / SpectreRSB mitigation: Filling RSB on context switch
[    0.022479] Speculative Store Bypass: Vulnerable
[    0.023310] MDS: Vulnerable: Clear CPU buffers attempted, no microcode
[    0.024150] Freeing SMP alternatives memory: 36K
[    0.136055] smpboot: CPU0: Intel(R) Core(TM) i5-5257U CPU @ 2.70GHz (family: 0x6, model: 0x3d, stepping: 0x4)
[    0.137930] Performance Events: unsupported p6 CPU model 61 no PMU driver, software events only.
[    0.139542] Hierarchical SRCU implementation.
[    0.140565] NMI watchdog: Perf event create on CPU 0 failed with -2
[    0.141721] NMI watchdog: Perf NMI watchdog permanently disabled
[    0.142840] smp: Bringing up secondary CPUs ...
[    0.144086] x86: Booting SMP configuration:
[    0.144858] .... node  #0, CPUs:      #1
[    0.004000] kvm-clock: cpu 1, msr 0:3ff44041, secondary cpu clock
[    0.148021] smp: Brought up 1 node, 2 CPUs
[    0.148830] smpboot: Max logical packages: 1
[    0.149794] smpboot: Total of 2 processors activated (10799.99 BogoMIPS)
[    0.152008] devtmpfs: initialized
[    0.152777] x86/mm: Memory block size: 128MB
[    0.153694] evm: security.selinux
[    0.154381] evm: security.SMACK64
[    0.155007] evm: security.SMACK64EXEC
[    0.155687] evm: security.SMACK64TRANSMUTE
[    0.156003] evm: security.SMACK64MMAP
[    0.156693] evm: security.apparmor
[    0.157315] evm: security.ima
[    0.157931] evm: security.capability
[    0.158651] clocksource: jiffies: mask: 0xffffffff max_cycles: 0xffffffff, max_idle_ns: 7645041785100000 ns
[    0.160011] futex hash table entries: 512 (order: 3, 32768 bytes)
[    0.162538] pinctrl core: initialized pinctrl subsystem
[    0.164142] RTC time:  4:42:04, date: 12/09/19
[    0.165153] NET: Registered protocol family 16
[    0.166095] audit: initializing netlink subsys (disabled)
[    0.168006] audit: type=2000 audit(1575866529.692:1): state=initialized audit_enabled=0 res=1
[    0.168130] cpuidle: using governor ladder
[    0.168808] cpuidle: using governor menu
[    0.169610] ACPI: bus type PCI registered
[    0.170374] acpiphp: ACPI Hot Plug PCI Controller Driver version: 0.5
[    0.172101] PCI: Using configuration type 1 for base access
[    0.173191] HugeTLB registered 2.00 MiB page size, pre-allocated 0 pages
[    0.176116] ACPI: Added _OSI(Module Device)
[    0.176931] ACPI: Added _OSI(Processor Device)
[    0.177720] ACPI: Added _OSI(3.0 _SCP Extensions)
[    0.178559] ACPI: Added _OSI(Processor Aggregator Device)
[    0.180006] ACPI: Added _OSI(Linux-Dell-Video)
[    0.180895] ACPI: Added _OSI(Linux-Lenovo-NV-HDMI-Audio)
[    0.181853] ACPI: Added _OSI(Linux-HPI-Hybrid-Graphics)
[    0.184248] ACPI: Executed 1 blocks of module-level executable AML code
[    0.188538] ACPI: Interpreter enabled
[    0.189261] ACPI: (supports S0 S5)
[    0.190003] ACPI: Using IOAPIC for interrupt routing
[    0.191194] PCI: Using host bridge windows from ACPI; if necessary, use "pci=nocrs" and report a bug
[    0.192171] ACPI: Enabled 2 GPEs in block 00 to 07
[    0.200020] ACPI: PCI Root Bridge [PCI0] (domain 0000 [bus 00-ff])
[    0.201185] acpi PNP0A03:00: _OSC: OS supports [ASPM ClockPM Segments MSI]
[    0.203049] acpi PNP0A03:00: _OSC: not requesting OS control; OS requires [ExtendedConfig ASPM ClockPM MSI]
[    0.204017] acpi PNP0A03:00: fail to add MMCONFIG information, can't access extended PCI configuration space under this bridge.
[    0.206350] PCI host bridge to bus 0000:00
[    0.207113] pci_bus 0000:00: root bus resource [io  0x0000-0x0cf7 window]
[    0.208005] pci_bus 0000:00: root bus resource [io  0x0d00-0xffff window]
[    0.209217] pci_bus 0000:00: root bus resource [mem 0x000a0000-0x000bffff window]
[    0.210698] pci_bus 0000:00: root bus resource [mem 0x40000000-0xfdffffff window]
[    0.212006] pci_bus 0000:00: root bus resource [bus 00-ff]
[    0.214705] pci 0000:00:01.1: legacy IDE quirk: reg 0x10: [io  0x01f0-0x01f7]
[    0.216004] pci 0000:00:01.1: legacy IDE quirk: reg 0x14: [io  0x03f6]
[    0.217193] pci 0000:00:01.1: legacy IDE quirk: reg 0x18: [io  0x0170-0x0177]
[    0.218447] pci 0000:00:01.1: legacy IDE quirk: reg 0x1c: [io  0x0376]
[    0.239525] pci 0000:00:07.0: quirk: [io  0x4000-0x403f] claimed by PIIX4 ACPI
[    0.240020] pci 0000:00:07.0: quirk: [io  0x4100-0x410f] claimed by PIIX4 SMB
[    0.253427] ACPI: PCI Interrupt Link [LNKA] (IRQs 5 9 10 *11)
[    0.254839] ACPI: PCI Interrupt Link [LNKB] (IRQs 5 9 *10 11)
[    0.256119] ACPI: PCI Interrupt Link [LNKC] (IRQs 5 *9 10 11)
[    0.257317] ACPI: PCI Interrupt Link [LNKD] (IRQs 5 9 10 *11)
[    0.258702] SCSI subsystem initialized
[    0.260062] pci 0000:00:02.0: vgaarb: setting as boot VGA device
[    0.261302] pci 0000:00:02.0: vgaarb: VGA device added: decodes=io+mem,owns=io+mem,locks=none
[    0.262828] pci 0000:00:02.0: vgaarb: bridge control possible
[    0.263943] vgaarb: loaded
[    0.264040] ACPI: bus type USB registered
[    0.264820] usbcore: registered new interface driver usbfs
[    0.265951] usbcore: registered new interface driver hub
[    0.266912] usbcore: registered new device driver usb
[    0.268124] EDAC MC: Ver: 3.0.0
[    0.269436] PCI: Using ACPI for IRQ routing
[    0.269436] NetLabel: Initializing
[    0.269819] NetLabel:  domain hash size = 128
[    0.272003] NetLabel:  protocols = UNLABELED CIPSOv4 CALIPSO
[    0.273071] NetLabel:  unlabeled traffic allowed by default
[    0.274073] clocksource: Switched to clocksource kvm-clock
[    0.285315] VFS: Disk quotas dquot_6.6.0
[    0.287616] VFS: Dquot-cache hash table entries: 512 (order 0, 4096 bytes)
[    0.289043] AppArmor: AppArmor Filesystem Enabled
[    0.289915] pnp: PnP ACPI init
[    0.291666] pnp: PnP ACPI: found 3 devices
[    0.301247] clocksource: acpi_pm: mask: 0xffffff max_cycles: 0xffffff, max_idle_ns: 2085701024 ns
[    0.302906] NET: Registered protocol family 2
[    0.303870] TCP established hash table entries: 8192 (order: 4, 65536 bytes)
[    0.305135] TCP bind hash table entries: 8192 (order: 5, 131072 bytes)
[    0.307452] TCP: Hash tables configured (established 8192 bind 8192)
[    0.308784] UDP hash table entries: 512 (order: 2, 16384 bytes)
[    0.309906] UDP-Lite hash table entries: 512 (order: 2, 16384 bytes)
[    0.311086] NET: Registered protocol family 1
[    0.311921] pci 0000:00:00.0: Limiting direct PCI/PCI transfers
[    0.313019] pci 0000:00:01.0: Activating ISA DMA hang workarounds
[    0.314181] pci 0000:00:02.0: Video device with shadowed ROM at [mem 0x000c0000-0x000dffff]
[    0.315734] Unpacking initramfs...
[    0.650154] Freeing initrd memory: 19728K
[    0.651231] clocksource: tsc: mask: 0xffffffffffffffff max_cycles: 0x26eb3cc21a9, max_idle_ns: 440795299783 ns
[    0.653477] platform rtc_cmos: registered platform RTC device (no PNP device found)
[    0.655990] Scanning for low memory corruption every 60 seconds
[    0.658450] Initialise system trusted keyrings
[    0.659886] Key type blacklist registered
[    0.660886] workingset: timestamp_bits=36 max_order=18 bucket_order=0
[    0.662965] zbud: loaded
[    0.664437] squashfs: version 4.0 (2009/01/31) Phillip Lougher
[    0.665787] fuse init (API version 7.26)
[    0.670125] Key type asymmetric registered
[    0.670952] Asymmetric key parser 'x509' registered
[    0.672218] Block layer SCSI generic (bsg) driver version 0.4 loaded (major 246)
[    0.674072] io scheduler noop registered
[    0.675185] io scheduler deadline registered
[    0.676220] io scheduler cfq registered (default)
[    0.677765] ACPI: AC Adapter [AC] (off-line)
[    0.678686] input: Power Button as /devices/LNXSYSTM:00/LNXPWRBN:00/input/input0
[    0.680687] ACPI: Power Button [PWRF]
[    0.681525] input: Sleep Button as /devices/LNXSYSTM:00/LNXSLPBN:00/input/input1
[    0.683829] ACPI: Sleep Button [SLPF]
[    0.686083] ACPI: Battery Slot [BAT0] (battery present)
[    0.687171] Serial: 8250/16550 driver, 32 ports, IRQ sharing enabled
[    0.710671] 00:02: ttyS0 at I/O 0x3f8 (irq = 4, base_baud = 115200) is a 16550A
[    0.715935] Linux agpgart interface v0.103
[    0.719720] loop: module loaded
[    0.720915] scsi host0: ata_piix
[    0.721571] scsi host1: ata_piix
[    0.722112] ata1: PATA max UDMA/33 cmd 0x1f0 ctl 0x3f6 bmdma 0xd000 irq 14
[    0.723094] ata2: PATA max UDMA/33 cmd 0x170 ctl 0x376 bmdma 0xd008 irq 15
[    0.725876] libphy: Fixed MDIO Bus: probed
[    0.726718] tun: Universal TUN/TAP device driver, 1.6
[    0.727912] PPP generic driver version 2.4.2
[    0.728955] ehci_hcd: USB 2.0 'Enhanced' Host Controller (EHCI) Driver
[    0.730068] ehci-pci: EHCI PCI platform driver
[    0.730864] ehci-platform: EHCI generic platform driver
[    0.731855] ohci_hcd: USB 1.1 'Open' Host Controller (OHCI) Driver
[    0.733393] ohci-pci: OHCI PCI platform driver
[    0.734292] ohci-platform: OHCI generic platform driver
[    0.735306] uhci_hcd: USB Universal Host Controller Interface driver
[    0.736621] i8042: PNP: PS/2 Controller [PNP0303:PS2K,PNP0f03:PS2M] at 0x60,0x64 irq 1,12
[    0.739166] serio: i8042 KBD port at 0x60,0x64 irq 1
[    0.740647] serio: i8042 AUX port at 0x60,0x64 irq 12
[    0.741837] mousedev: PS/2 mouse device common for all mice
[    0.743523] rtc_cmos rtc_cmos: rtc core: registered rtc_cmos as rtc0
[    0.744941] input: AT Translated Set 2 keyboard as /devices/platform/i8042/serio0/input/input2
[    0.747363] rtc_cmos rtc_cmos: alarms up to one day, 114 bytes nvram
[    0.748816] i2c /dev entries driver
[    0.749535] device-mapper: uevent: version 1.0.3
[    0.750559] device-mapper: ioctl: 4.37.0-ioctl (2017-09-20) initialised: dm-devel@redhat.com
[    0.752431] ledtrig-cpu: registered to indicate activity on CPUs
[    0.754010] NET: Registered protocol family 10
[    0.758915] Segment Routing with IPv6
[    0.759637] NET: Registered protocol family 17
[    0.760646] Key type dns_resolver registered
[    0.761741] mce: Using 0 MCE banks
[    0.762392] RAS: Correctable Errors collector initialized.
[    0.763422] sched_clock: Marking stable (761715253, 0)->(935517227, -173801974)
[    0.768892] registered taskstats version 1
[    0.769738] Loading compiled-in X.509 certificates
[    0.773233] Loaded X.509 cert 'Build time autogenerated kernel key: f4f7241365689b0cbe3898188e65e316fd8f978d'
[    0.775043] zswap: loaded using pool lzo/zbud
[    0.779314] Key type big_key registered
[    0.780170] Key type trusted registered
[    0.782643] Key type encrypted registered
[    0.783288] AppArmor: AppArmor sha1 policy hashing enabled
[    0.784098] ima: No TPM chip found, activating TPM-bypass! (rc=-19)
[    0.785362] ima: Allocated hash algorithm: sha1
[    0.786111] evm: HMAC attrs: 0x1
[    0.786919]   Magic number: 15:817:716
[    0.787753] rtc_cmos rtc_cmos: setting system clock to 2019-12-09 04:42:05 UTC (1575866525)
[    0.789409] BIOS EDD facility v0.16 2004-Jun-25, 0 devices found
[    0.790495] EDD information not available.
[    1.148855] Freeing unused kernel image memory: 2428K
[    1.160238] Write protecting the kernel read-only data: 20480k
[    1.162767] Freeing unused kernel image memory: 2008K
[    1.164283] Freeing unused kernel image memory: 1880K
[    1.171833] x86/mm: Checked W+X mappings: passed, no W+X pages found.
[    1.173061] x86/mm: Checking user space page tables
[    1.179549] x86/mm: Checked W+X mappings: passed, no W+X pages found.
Loading, please wait...
starting version 237
[    1.240784] e1000: Intel(R) PRO/1000 Network Driver - version 7.3.21-k8-NAPI
[    1.242204] e1000: Copyright (c) 1999-2006 Intel Corporation.
[    1.248655] Fusion MPT base driver 3.04.20
[    1.249487] Copyright (c) 1999-2008 LSI Corporation
[    1.253828] Fusion MPT SPI Host driver 3.04.20
[    1.271272] AVX2 version of gcm_enc/dec engaged.
[    1.272279] AES CTR mode by8 optimization enabled
[    1.460056] input: ImExPS/2 Generic Explorer Mouse as /devices/platform/i8042/serio1/input/input4
[    1.617722] e1000 0000:00:03.0 eth0: (PCI:33MHz:32-bit) 02:83:96:c1:64:f9
[    1.618960] e1000 0000:00:03.0 eth0: Intel(R) PRO/1000 Network Connection
[    1.626188] mptbase: ioc0: Initiating bringup
[    1.720516] ioc0: LSI53C1030 A0: Capabilities={Initiator}
[    1.964089] scsi host2: ioc0: LSI53C1030 A0, FwRev=00000000h, Ports=1, MaxQ=256, IRQ=20
[    2.132477] scsi 2:0:0:0: Direct-Access     VBOX     HARDDISK         1.0  PQ: 0 ANSI: 5
[    2.160433] scsi target2:0:0: Beginning Domain Validation
[    2.164298] scsi target2:0:0: Domain Validation skipping write tests
[    2.165414] scsi target2:0:0: Ending Domain Validation
[    2.166360] scsi target2:0:0: asynchronous
[    2.167870] scsi 2:0:1:0: Direct-Access     VBOX     HARDDISK         1.0  PQ: 0 ANSI: 5
[    2.211514] scsi target2:0:1: Beginning Domain Validation
[    2.240389] random: fast init done
[    2.241316] scsi target2:0:1: Domain Validation skipping write tests
[    2.242638] scsi target2:0:1: Ending Domain Validation
[    2.243831] scsi target2:0:1: asynchronous
[    2.247972] random: systemd-udevd: uninitialized urandom read (16 bytes read)
[    2.249454] random: systemd-udevd: uninitialized urandom read (16 bytes read)
[    2.250883] random: systemd-udevd: uninitialized urandom read (16 bytes read)
[    2.256486] sd 2:0:0:0: Attached scsi generic sg0 type 0
[    2.260231] sd 2:0:0:0: [sda] 20971520 512-byte logical blocks: (10.7 GB/10.0 GiB)
[    2.261592] sd 2:0:0:0: [sda] Write Protect is off
[    2.262700] sd 2:0:0:0: [sda] Incomplete mode parameter data
[    2.263866] sd 2:0:0:0: [sda] Assuming drive cache: write through
[    2.265622] sd 2:0:1:0: Attached scsi generic sg1 type 0
[    2.267534] sd 2:0:1:0: [sdb] 20480 512-byte logical blocks: (10.5 MB/10.0 MiB)
[    2.269184] sd 2:0:1:0: [sdb] Write Protect is off
[    2.270391] sd 2:0:1:0: [sdb] Incomplete mode parameter data
[    2.271400] sd 2:0:1:0: [sdb] Assuming drive cache: write through
[    2.272862]  sda: sda1
[    2.274039] sd 2:0:0:0: [sda] Attached SCSI disk
[    2.277540] sd 2:0:1:0: [sdb] Attached SCSI disk
[    2.510546] e1000 0000:00:08.0 eth1: (PCI:33MHz:32-bit) 08:00:27:9b:54:c1
[    2.511760] e1000 0000:00:08.0 eth1: Intel(R) PRO/1000 Network Connection
[    2.513937] e1000 0000:00:03.0 enp0s3: renamed from eth0
[    2.528234] e1000 0000:00:08.0 enp0s8: renamed from eth1
Begin: Loading essential drivers ... [    3.960402] raid6: sse2x1   gen() 10369 MB/s
[    4.010743] raid6: sse2x1   xor()  7643 MB/s
[    4.057837] raid6: sse2x2   gen() 13109 MB/s
[    4.107150] raid6: sse2x2   xor()  8019 MB/s
[    4.157195] raid6: sse2x4   gen() 15113 MB/s
[    4.206246] raid6: sse2x4   xor()  9496 MB/s
[    4.255830] raid6: avx2x1   gen() 20957 MB/s
[    4.304071] raid6: avx2x1   xor() 11923 MB/s
[    4.352088] raid6: avx2x2   gen() 14883 MB/s
[    4.400029] raid6: avx2x2   xor() 11169 MB/s
[    4.457235] raid6: avx2x4   gen() 32085 MB/s
[    4.505984] raid6: avx2x4   xor() 17005 MB/s
[    4.506810] raid6: using algorithm avx2x4 gen() 32085 MB/s
[    4.507785] raid6: .... xor() 17005 MB/s, rmw enabled
[    4.508932] raid6: using avx2x2 recovery algorithm
[    4.511196] xor: automatically using best checksumming function   avx       
[    4.513953] async_tx: api initialized (async)
done.
Begin: Running /scripts/init-premount ... done.
Begin: Mounting root file system ... Begin: Running /scripts/local-top ... done.
Begin: Running /scripts/local-premount ... [    4.557470] Btrfs loaded, crc32c=crc32c-intel
Scanning for Btrfs filesystems
done.
Warning: fsck not present, so skipping root file system
[    4.588263] EXT4-fs (sda1): INFO: recovery required on readonly filesystem
[    4.589740] EXT4-fs (sda1): write access will be enabled during recovery
[    4.711358] EXT4-fs (sda1): recovery complete
[    4.714539] EXT4-fs (sda1): mounted filesystem with ordered data mode. Opts: (null)
done.
Begin: Running /scripts/local-bottom ... done.
Begin: Running /scripts/init-bottom ... done.
[    4.861938] ip_tables: (C) 2000-2006 Netfilter Core Team
[    4.868111] systemd[1]: systemd 237 running in system mode. (+PAM +AUDIT +SELINUX +IMA +APPARMOR +SMACK +SYSVINIT +UTMP +LIBCRYPTSETUP +GCRYPT +GNUTLS +ACL +XZ +LZ4 +SECCOMP +BLKID +ELFUTILS +KMOD -IDN2 +IDN -PCRE2 default-hierarchy=hybrid)
[    4.871361] systemd[1]: Detected virtualization oracle.
[    4.872235] systemd[1]: Detected architecture x86-64.

Welcome to [1mUbuntu 18.04.3 LTS[0m!

[    4.877508] systemd[1]: Set hostname to <ubuntu-bionic>.
[    5.085696] systemd[1]: Set up automount Arbitrary Executable File Formats File System Automount Point.
[[0;32m  OK  [0m] Set up automount Arbitrary Executab…rmats File System Automount Point.
[    5.090168] systemd[1]: Created slice User and Session Slice.
[[0;32m  OK  [0m] Created slice User and Session Slice.
[    5.093403] systemd[1]: Reached target User and Group Name Lookups.
[[0;32m  OK  [0m] Reached target User and Group Name Lookups.
[    5.095291] systemd[1]: Reached target System Time Synchronized.
[[0;32m  OK  [0m] Reached target System Time Synchronized.
[    5.097735] systemd[1]: Created slice System Slice.
[[0;32m  OK  [0m] Created slice System Slice.
[    5.099342] systemd[1]: Created slice system-serial\x2dgetty.slice.
[[0;32m  OK  [0m] Created slice system-serial\x2dgetty.slice.
[[0;32m  OK  [0m] Listening on Device-mapper event daemon FIFOs.
[[0;32m  OK  [0m] Listening on udev Control Socket.
[[0;32m  OK  [0m] Listening on /dev/initctl Compatibility Named Pipe.
[[0;32m  OK  [0m] Listening on Network Service Netlink Socket.
[[0;32m  OK  [0m] Listening on LVM2 metadata daemon socket.
[[0;32m  OK  [0m] Listening on Journal Socket.
         Starting Load Kernel Modules...
         Mounting Kernel Debug File System...
         Starting Uncomplicated firewall...
[    5.134770] Loading iSCSI transport class v2.0-870.
[[0;32m  OK  [0m] Listening on Journal Socket (/dev/log).
         Starting Set the console keyboard layout...
         Starting Remount Root and Kernel File Systems...
[[0;32m  OK  [0m] Listening on Syslog Socket.
         Mounting POSIX Message Queue File System...
[[0;32m  OK  [0m] Listening on udev Kernel Socket.
[[0;32m  OK  [0m] Reached target Swap.
[[0;32m  OK  [0m] Listening on Journal Audit Socket.
         Starting Journal Service...
         Starting Create list of required st…ce nodes for the current kernel...
[[0;32m  OK  [0m] Reached target Slices.
[[0;32m  OK  [0m] Listening on LVM2 poll daemon socket.
         Starting udev Coldplug all Devices...
         Starting Monitoring of LVM2 mirrors…ng dmeventd or progress polling...
[[0;32m  OK  [0m] Started Forward Password Requests to Wall Directory Watch.
         Mounting Huge Pages File System...
[[0;32m  OK  [0m] Mounted Kernel Debug File System.
[[0;32m  OK  [0m] Started Uncomplicated firewall.
[[0;32m  OK  [0m] Mounted POSIX Message Queue File System.
[[0;32m  OK  [0m] Mounted Huge Pages File System.
[[0;32m  OK  [0m] Started Create list of required sta…vice nodes for the current kernel.
         Starting Create Static Device Nodes in /dev...
[    5.190825] iscsi: registered transport (tcp)
[    5.209792] iscsi: registered transport (iser)
[[0;32m  OK  [0m] Started Load Kernel Modules.
         Starting Apply Kernel Variables...
         Mounting FUSE Control File System...
         Mounting Kernel Configuration File System...
[[0;32m  OK  [0m] Mounted FUSE Control File System.
[[0;32m  OK  [0m] Started udev Coldplug all Devices.
[[0;32m  OK  [0m] Mounted Kernel Configuration File System.
[[0;32m  OK  [0m] Started Journal Service.
[[0;32m  OK  [0m] Started LVM2 metadata daemon.
[    5.269140] EXT4-fs (sda1): re-mounted. Opts: (null)
[[0;32m  OK  [0m] Started Remount Root and Kernel File Systems.
         Starting Load/Save Random Seed...
         Starting Flush Journal to Persistent Storage...
[[0;32m  OK  [0m] Started Load/Save Random Seed.
[[0;32m  OK  [0m] Started Create Static Device Nodes in /dev.
         Starting udev Kernel Device Manager...
[[0;32m  OK  [0m] Started Monitoring of LVM2 mirrors,…sing dmeventd or progress polling.
[[0;32m  OK  [0m] Started Apply Kernel Variables.
[[0;32m  OK  [0m] Started udev Kernel Device Manager.
[[0;32m  OK  [0m] Started Set the console keyboard layout.
[[0;32m  OK  [0m] Reached target Local File Systems (Pre).
[[0;32m  OK  [0m] Reached target Local File Systems.
         Starting Set console font and keymap...
         Starting Tell Plymouth To Write Out Runtime Data...
         Starting AppArmor initialization...
         Starting ebtables ruleset management...
[[0;32m  OK  [0m] Started Dispatch Password Requests to Console Directory Watch.
[[0;32m  OK  [0m] Reached target Local Encrypted Volumes.
[[0;32m  OK  [0m] Started Flush Journal to Persistent Storage.
         Starting Create Volatile Files and Directories...
[[0;32m  OK  [0m] Started Set console font and keymap.
[[0;32m  OK  [0m] Started Tell Plymouth To Write Out Runtime Data.
[[0;32m  OK  [0m] Started Create Volatile Files and Directories.
         Starting Update UTMP about System Boot/Shutdown...
[[0;32m  OK  [0m] Started Update UTMP about System Boot/Shutdown.
[[0;32m  OK  [0m] Started ebtables ruleset management.
[[0;32m  OK  [0m] Found device /dev/ttyS0.
[[0;32m  OK  [0m] Started AppArmor initialization.
         Starting Initial cloud-init job (pre-networking)...
[[0;32m  OK  [0m] Listening on Load/Save RF Kill Switch Status /dev/rfkill Watch.
[    6.933599] cloud-init[535]: Cloud-init v. 19.2-36-g059d049c-0ubuntu2~18.04.1 running 'init-local' at Mon, 09 Dec 2019 04:42:11 +0000. Up 6.73 seconds.
[[0;32m  OK  [0m] Started Initial cloud-init job (pre-networking).
[[0;32m  OK  [0m] Reached target Network (Pre).
         Starting Network Service...
[[0;32m  OK  [0m] Started Network Service.
         Starting Wait for Network to be Configured...
         Starting Network Name Resolution...
[[0;32m  OK  [0m] Started Network Name Resolution.
[[0;32m  OK  [0m] Reached target Network.
[[0;32m  OK  [0m] Reached target Host and Network Name Lookups.
[[0;32m  OK  [0m] Started Wait for Network to be Configured.
         Starting Initial cloud-init job (metadata service crawler)...
[    9.551339] cloud-init[670]: Cloud-init v. 19.2-36-g059d049c-0ubuntu2~18.04.1 running 'init' at Mon, 09 Dec 2019 04:42:14 +0000. Up 9.40 seconds.
[    9.553483] cloud-init[670]: ci-info: ++++++++++++++++++++++++++++++++++++++Net device info+++++++++++++++++++++++++++++++++++++++
[    9.554598] cloud-init[670]: ci-info: +--------+------+-----------------------------+---------------+--------+-------------------+
[    9.555714] cloud-init[670]: ci-info: | Device |  Up  |           Address           |      Mask     | Scope  |     Hw-Address    |
[    9.564317] cloud-init[670]: ci-info: +--------+------+-----------------------------+---------------+--------+-------------------+
[    9.565915] cloud-init[670]: ci-info: | enp0s3 | True |          10.0.2.15          | 255.255.255.0 | global | 02:83:96:c1:64:f9 |
[    9.567504] cloud-init[670]: ci-info: | enp0s3 | True |  fe80::83:96ff:fec1:64f9/64 |       .       |  link  | 02:83:96:c1:64:f9 |
[    9.569058] cloud-init[670]: ci-info: | enp0s8 | True |         192.168.86.4        | 255.255.255.0 | global | 08:00:27:9b:54:c1 |
[    9.570199] cloud-init[670]: ci-info: | enp0s8 | True | fe80::a00:27ff:fe9b:54c1/64 |       .       |  link  | 08:00:27:9b:54:c1 |
[    9.571281] cloud-init[670]: ci-info: |   lo   | True |          127.0.0.1          |   255.0.0.0   |  host  |         .         |
[    9.572396] cloud-init[670]: ci-info: |   lo   | True |           ::1/128           |       .       |  host  |         .         |
[    9.573490] cloud-init[670]: ci-info: +--------+------+-----------------------------+---------------+--------+-------------------+
[    9.574611] cloud-init[670]: ci-info: +++++++++++++++++++++++++++++Route IPv4 info+++++++++++++++++++++++++++++
[    9.575594] cloud-init[670]: ci-info: +-------+--------------+----------+-----------------+-----------+-------+
[    9.576629] cloud-init[670]: ci-info: | Route | Destination  | Gateway  |     Genmask     | Interface | Flags |
[    9.577734] cloud-init[670]: ci-info: +-------+--------------+----------+-----------------+-----------+-------+
[    9.578769] cloud-init[670]: ci-info: |   0   |   0.0.0.0    | 10.0.2.2 |     0.0.0.0     |   enp0s3  |   UG  |
[    9.579715] cloud-init[670]: ci-info: |   1   |   10.0.2.0   | 0.0.0.0  |  255.255.255.0  |   enp0s3  |   U   |
[    9.580747] cloud-init[670]: ci-info: |   2   |   10.0.2.2   | 0.0.0.0  | 255.255.255.255 |   enp0s3  |   UH  |
[    9.581672] cloud-init[670]: ci-info: |   3   | 192.168.86.0 | 0.0.0.0  |  255.255.255.0  |   enp0s8  |   U   |
[    9.582583] cloud-init[670]: ci-info: +-------+--------------+----------+-----------------+-----------+-------+
[    9.583552] cloud-init[670]: ci-info: +++++++++++++++++++Route IPv6 info+++++++++++++++++++
[    9.584383] cloud-init[670]: ci-info: +-------+-------------+---------+-----------+-------+
[    9.585185] cloud-init[670]: ci-info: | Route | Destination | Gateway | Interface | Flags |
[    9.585979] cloud-init[670]: ci-info: +-------+-------------+---------+-----------+-------+
[    9.586810] cloud-init[670]: ci-info: |   1   |  fe80::/64  |    ::   |   enp0s8  |   U   |
[    9.587657] cloud-init[670]: ci-info: |   2   |  fe80::/64  |    ::   |   enp0s3  |   U   |
[    9.588879] cloud-init[670]: ci-info: |   4   |    local    |    ::   |   enp0s3  |   U   |
[    9.589960] cloud-init[670]: ci-info: |   5   |    local    |    ::   |   enp0s8  |   U   |
[    9.591103] cloud-init[670]: ci-info: |   6   |   ff00::/8  |    ::   |   enp0s8  |   U   |
[    9.592297] cloud-init[670]: ci-info: |   7   |   ff00::/8  |    ::   |   enp0s3  |   U   |
[    9.593329] cloud-init[670]: ci-info: +-------+-------------+---------+-----------+-------+
[[0;32m  OK  [0m] Started Initial cloud-init job (metadata service crawler).
[[0;32m  OK  [0m] Reached target Network is Online.
[[0;32m  OK  [0m] Reached target Remote File Systems (Pre).
[[0;32m  OK  [0m] Reached target Remote File Systems.
         Starting Availability of block devices...
[[0;32m  OK  [0m] Reached target System Initialization.
         Starting LXD - unix socket.
[[0;32m  OK  [0m] Started ACPI Events Check.
[[0;32m  OK  [0m] Listening on ACPID Listen Socket.
[[0;32m  OK  [0m] Started Discard unused blocks once a week.
[[0;32m  OK  [0m] Listening on Open-iSCSI iscsid Socket.
[[0;32m  OK  [0m] Started Message of the Day.
[[0;32m  OK  [0m] Listening on UUID daemon activation socket.
[[0;32m  OK  [0m] Listening on D-Bus System Message Bus Socket.
[[0;32m  OK  [0m] Started Daily Cleanup of Temporary Directories.
[[0;32m  OK  [0m] Started Daily apt download activities.
[[0;32m  OK  [0m] Started Daily apt upgrade and clean activities.
[[0;32m  OK  [0m] Reached target Timers.
         Starting Socket activation for snappy daemon.
[[0;32m  OK  [0m] Reached target Paths.
[[0;32m  OK  [0m] Reached target Cloud-config availability.
[[0;32m  OK  [0m] Started Availability of block devices.
[[0;32m  OK  [0m] Listening on LXD - unix socket.
[[0;32m  OK  [0m] Listening on Socket activation for snappy daemon.
[[0;32m  OK  [0m] Reached target Sockets.
[[0;32m  OK  [0m] Reached target Basic System.
         Starting Permit User Sessions...
[[0;32m  OK  [0m] Started D-Bus System Message Bus.
         Starting Accounts Service...
[[0;32m  OK  [0m] Started Deferred execution scheduler.
         Starting LSB: Record successful boot for GRUB...
[[0;32m  OK  [0m] Started irqbalance daemon.
         Starting Dispatcher daemon for systemd-networkd...
         Starting OpenBSD Secure Shell server...
         Starting Discard unused blocks...
         Starting LSB: automatic crash report generation...
         Starting A high performance web server and a reverse proxy server...
         Starting Virtualbox guest utils...
[[0;32m  OK  [0m] Started Regular background program processing daemon.
         Starting Snappy daemon...
         Starting System Logging Service...
[[0;32m  OK  [0m] Started FUSE filesystem for LXC.
         Starting Login Service...
         Starting LXD - container startup/shutdown...
[[0;32m  OK  [0m] Started Permit User Sessions.
[[0;32m  OK  [0m] Started Discard unused blocks.
[[0;32m  OK  [0m] Started OpenBSD Secure Shell server.
         Starting Authorization Manager...
         Starting Terminate Plymouth Boot Screen...
         Starting Hold until boot process finishes up...
[[0;32m  OK  [0m] Started Hold until boot process finishes up.
[[0;32m  OK  [0m] Started Serial Getty on ttyS0.
         Starting Set console scheme...
[[0;32m  OK  [0m] Started Terminate Plymouth Boot Screen.
[[0;32m  OK  [0m] Started Login Service.
[[0;32m  OK  [0m] Started Unattended Upgrades Shutdown.
[[0;32m  OK  [0m] Started LSB: automatic crash report generation.
[[0;32m  OK  [0m] Started A high performance web server and a reverse proxy server.
[[0;32m  OK  [0m] Started LSB: Record successful boot for GRUB.
[[0;32m  OK  [0m] Started System Logging Service.
[[0;32m  OK  [0m] Started Set console scheme.
[[0;32m  OK  [0m] Created slice system-getty.slice.
[[0;32m  OK  [0m] Started Getty on tty1.
[[0;32m  OK  [0m] Reached target Login Prompts.
[[0;32m  OK  [0m] Started Virtualbox guest utils.
[[0;32m  OK  [0m] Started Authorization Manager.
[[0;32m  OK  [0m] Started Accounts Service.
[[0;32m  OK  [0m] Started LXD - container startup/shutdown.
[[0;32m  OK  [0m] Started Dispatcher daemon for systemd-networkd.
[[0;32m  OK  [0m] Started Snappy daemon.
         Starting Wait until snapd is fully seeded...
[[0;32m  OK  [0m] Started Wait until snapd is fully seeded.
         Starting Apply the settings specified in cloud-config...
[[0;32m  OK  [0m] Reached target Multi-User System.
[[0;32m  OK  [0m] Reached target Graphical Interface.
         Starting Update UTMP about System Runlevel Changes...
[[0;32m  OK  [0m] Started Update UTMP about System Runlevel Changes.
[   11.509076] cloud-init[1089]: Cloud-init v. 19.2-36-g059d049c-0ubuntu2~18.04.1 running 'modules:config' at Mon, 09 Dec 2019 04:42:16 +0000. Up 11.30 seconds.
[[0;32m  OK  [0m] Started Apply the settings specified in cloud-config.
         Starting Execute cloud user/final scripts...
[   12.044897] cloud-init[1137]: Cloud-init v. 19.2-36-g059d049c-0ubuntu2~18.04.1 running 'modules:final' at Mon, 09 Dec 2019 04:42:16 +0000. Up 11.93 seconds.
[   12.047647] cloud-init[1137]: Cloud-init v. 19.2-36-g059d049c-0ubuntu2~18.04.1 finished at Mon, 09 Dec 2019 04:42:16 +0000. Datasource DataSourceNoCloud [seed=/dev/sdb][dsmode=net].  Up 12.03 seconds
[[0;32m  OK  [0m] Started Execute cloud user/final scripts.
[[0;32m  OK  [0m] Reached target Cloud-init target.

Ubuntu 18.04.3 LTS ubuntu-bionic ttyS0

ubuntu-bionic login: 